src/common/middleware/validation.middleware.ts(6,12): error TS7030: Not all code paths return a value.
src/modules/auth/auth.service.ts(24,20): error TS2769: No overload matches this call.
  Overload 1 of 5, '(payload: string | object | Buffer<ArrayBufferLike>, secretOrPrivateKey: null, options?: (SignOptions & { algorithm: "none"; }) | undefined): string', gave the following error.
    Argument of type 'string' is not assignable to parameter of type 'null'.
  Overload 2 of 5, '(payload: string | object | Buffer<ArrayBufferLike>, secretOrPrivateKey: Buffer<ArrayBufferLike> | Secret | PrivateKeyInput | JsonWebKeyInput, options?: SignOptions | undefined): string', gave the following error.
    Type 'string' is not assignable to type 'number | StringValue | undefined'.
  Overload 3 of 5, '(payload: string | object | Buffer<ArrayBufferLike>, secretOrPrivateKey: Buffer<ArrayBufferLike> | Secret | PrivateKeyInput | JsonWebKeyInput, callback: SignCallback): void', gave the following error.
    Object literal may only specify known properties, and 'expiresIn' does not exist in type 'SignCallback'.
src/modules/auth/auth.service.ts(43,20): error TS2769: No overload matches this call.
  Overload 1 of 5, '(payload: string | object | Buffer<ArrayBufferLike>, secretOrPrivateKey: null, options?: (SignOptions & { algorithm: "none"; }) | undefined): string', gave the following error.
    Argument of type 'string' is not assignable to parameter of type 'null'.
  Overload 2 of 5, '(payload: string | object | Buffer<ArrayBufferLike>, secretOrPrivateKey: Buffer<ArrayBufferLike> | Secret | PrivateKeyInput | JsonWebKeyInput, options?: SignOptions | undefined): string', gave the following error.
    Type 'string' is not assignable to type 'number | StringValue | undefined'.
  Overload 3 of 5, '(payload: string | object | Buffer<ArrayBufferLike>, secretOrPrivateKey: Buffer<ArrayBufferLike> | Secret | PrivateKeyInput | JsonWebKeyInput, callback: SignCallback): void', gave the following error.
    Object literal may only specify known properties, and 'expiresIn' does not exist in type 'SignCallback'.
src/modules/auth/auth.service.ts(93,46): error TS2339: Property 'exp' does not exist on type 'TokenPayload'.
src/modules/auth/auth.service.ts(166,53): error TS2339: Property 'exp' does not exist on type 'TokenPayload'.
src/modules/auth/auth.service.ts(195,44): error TS2339: Property 'exp' does not exist on type 'TokenPayload'.
src/modules/auth/auth.service.ts(226,44): error TS2339: Property 'exp' does not exist on type 'TokenPayload'.
src/modules/auth/auth.service.ts(273,17): error TS2322: Type 'string' is not assignable to type 'Role | undefined'.
src/modules/auth/auth.service.ts(297,46): error TS2339: Property 'exp' does not exist on type 'TokenPayload'.
src/modules/auth/auth.service.ts(309,31): error TS2339: Property 'profile' does not exist on type '{ status: UserStatus; email: string; role: Role; id: string; password_hash: string; created_at: Date; updated_at: Date; deleted_at: Date | null; }'.
